<?xml version="1.0" encoding="UTF-8"?>
<!-- Generated by org.testng.reporters.JUnitReportReporter -->
<testsuite skipped="0" hostname="Sanjays-MacBook-Air.local" name="org.freelance.testcases.TC_001_Cruise_itinerary" tests="3" failures="0" timestamp="24 Feb 2019 20:25:50 GMT" time="7.032" errors="0">
  <testcase name="step_001" time="0.052" classname="org.freelance.testcases.TC_001_Cruise_itinerary"/>
  <testcase name="step_002" time="0.165" classname="org.freelance.testcases.TC_001_Cruise_itinerary"/>
  <testcase name="step_003" time="6.815" classname="org.freelance.testcases.TC_001_Cruise_itinerary"/>
</testsuite> <!-- org.freelance.testcases.TC_001_Cruise_itinerary -->
